time:2013-05-18 00:41:34,934	app:myapp	url:/foo/bar	error:oops	userAgent:IE 9
time:2013-05-18 01:39:13,965	app:my amazing app	url:file:///Users/chris/code/phone-home/client/sample.html	error:fool!	userAgent:Mozilla/5.0 (Macintosh; Intel Mac OS X 10_7_5) AppleWebKit/536.29.13 (KHTML, like Gecko) Version/6.0.4 Safari/536.29.13
time:2013-05-19 17:10:02,323	time:2013-05-19T17:10:02.261+09:00	app:my amazing app	url:file:///Users/chris/code/phone-home/client/sample.html	userAgent:Mozilla/5.0 (Macintosh; Intel Mac OS X 10_7_5) AppleWebKit/536.29.13 (KHTML, like Gecko) Version/6.0.4 Safari/536.29.13	errorName:SyntaxError	errorMessage:fool!	
time:2013-05-19 17:10:35,788	time:2013-05-19T17:10:35.788+09:00	app:my amazing app	url:file:///Users/chris/code/phone-home/client/sample.html	userAgent:Mozilla/5.0 (Macintosh; Intel Mac OS X 10_7_5) AppleWebKit/536.29.13 (KHTML, like Gecko) Version/6.0.4 Safari/536.29.13	errorName:SyntaxError	errorMessage:fool!	
time:2013-05-19T17:11:43.786+09:00	app:my amazing app	url:file:///Users/chris/code/phone-home/client/sample.html	userAgent:Mozilla/5.0 (Macintosh; Intel Mac OS X 10_7_5) AppleWebKit/536.29.13 (KHTML, like Gecko) Version/6.0.4 Safari/536.29.13	errorName:SyntaxError	errorMessage:fool!	
time:2013-05-19T17:15:34.474+09:00	app:my amazing app	url:file:///Users/chris/code/phone-home/client/sample.html	userAgent:Mozilla/5.0 (Macintosh; Intel Mac OS X 10_7_5) AppleWebKit/536.29.13 (KHTML, like Gecko) Version/6.0.4 Safari/536.29.13	errorName:SyntaxError	errorMessage:fool!	
time:2013-05-19T17:16:29.210+09:00	app:my amazing app	url:file:///Users/chris/code/phone-home/client/sample.html	userAgent:Mozilla/5.0 (Macintosh; Intel Mac OS X 10_7_5) AppleWebKit/536.29.13 (KHTML, like Gecko) Version/6.0.4 Safari/536.29.13	errorName:SyntaxError	errorMessage:fool!	
time:2013-05-19T17:24:44.550+09:00	app:phone-home sample	url:file:///Users/chris/code/phone-home/client/sample.html	userAgent:Mozilla/5.0 (Macintosh; Intel Mac OS X 10_7_5) AppleWebKit/536.29.13 (KHTML, like Gecko) Version/6.0.4 Safari/536.29.13	errorName:SyntaxError	errorMessage:fool!	
time:2013-05-19T17:28:48.566+09:00	app:phone-home sample	url:file:///Users/chris/code/phone-home/client/sample.html	userAgent:Mozilla/5.0 (Macintosh; Intel Mac OS X 10_7_5) AppleWebKit/536.29.13 (KHTML, like Gecko) Version/6.0.4 Safari/536.29.13	errorName:SyntaxError	errorMessage:fool!	foo:bar	baz:hoge	
time:2013-05-19T18:01:20.128+09:00	app:phone-home sample	url:file:///Users/chris/code/phone-home/client/sample.html	userAgent:Mozilla/5.0 (Macintosh; Intel Mac OS X 10_7_5) AppleWebKit/536.29.13 (KHTML, like Gecko) Version/6.0.4 Safari/536.29.13	errorName:SyntaxError	errorMessage:fool!	foo:bar	baz:hoge
time:2013-05-19T18:01:42.858+09:00	app:phone-home sample	url:file:///Users/chris/code/phone-home/client/sample.html	userAgent:Mozilla/5.0 (Macintosh; Intel Mac OS X 10_7_5) AppleWebKit/536.29.13 (KHTML, like Gecko) Version/6.0.4 Safari/536.29.13	errorName:SyntaxError	errorMessage:fool!	foo:bar	baz:hoge
time:2013-05-19T18:08:11.431+09:00	app:phone-home sample	url:file:///Users/chris/code/phone-home/client/sample.html	userAgent:Mozilla/5.0 (Macintosh; Intel Mac OS X 10_7_5) AppleWebKit/536.29.13 (KHTML, like Gecko) Version/6.0.4 Safari/536.29.13	errorName:SyntaxError	errorMessage:fool!	foo:bar	baz:hoge
time:2013-05-19T18:10:56.995+09:00	app:phone-home sample	url:file:///Users/chris/code/phone-home/client/sample.html	userAgent:Mozilla/5.0 (Macintosh; Intel Mac OS X 10_7_5) AppleWebKit/536.29.13 (KHTML, like Gecko) Version/6.0.4 Safari/536.29.13	message:Hello you!	foo:bar	baz:hoge
time:2013-05-19T18:11:16.054+09:00	app:phone-home sample	url:file:///Users/chris/code/phone-home/client/sample.html	userAgent:Mozilla/5.0 (Macintosh; Intel Mac OS X 10_7_5) AppleWebKit/536.29.13 (KHTML, like Gecko) Version/6.0.4 Safari/536.29.13	message:Hello you!	foo:bar	baz:hoge
time:2013-05-19T18:12:26.897+09:00	app:phone-home sample	url:file:///Users/chris/code/phone-home/client/sample.html	userAgent:Mozilla/5.0 (Macintosh; Intel Mac OS X 10_7_5) AppleWebKit/536.29.13 (KHTML, like Gecko) Version/6.0.4 Safari/536.29.13	message:Hello!	foo:bar	baz:hoge
time:2013-05-19T18:19:06.958+09:00	app:phone-home sample	url:file:///Users/chris/code/phone-home/client/sample.html	userAgent:Mozilla/5.0 (Macintosh; Intel Mac OS X 10_7_5) AppleWebKit/536.29.13 (KHTML, like Gecko) Version/6.0.4 Safari/536.29.13	errorName:SyntaxError	errorMessage:fool!	foo:bar	baz:hoge
time:2013-05-22T08:47:49.639+09:00	app:phone-home sample	url:http://localhost:8080/sample.html	userAgent:Mozilla/5.0 (Macintosh; Intel Mac OS X 10_7_5) AppleWebKit/536.29.13 (KHTML, like Gecko) Version/6.0.4 Safari/536.29.13	errorName:SyntaxError	errorMessage:fool!	foo:bar	baz:hoge
time:2013-05-22T08:47:50.245+09:00	app:phone-home sample	url:http://localhost:8080/sample.html	userAgent:Mozilla/5.0 (Macintosh; Intel Mac OS X 10_7_5) AppleWebKit/536.29.13 (KHTML, like Gecko) Version/6.0.4 Safari/536.29.13	errorName:SyntaxError	errorMessage:fool!	foo:bar	baz:hoge
time:2013-05-22T08:48:04.455+09:00	app:phone-home sample	url:http://localhost:8080/sample.html	userAgent:Mozilla/5.0 (Macintosh; Intel Mac OS X 10_7_5) AppleWebKit/536.29.13 (KHTML, like Gecko) Version/6.0.4 Safari/536.29.13	errorName:SyntaxError	errorMessage:fool!	foo:bar	baz:hoge
time:2013-05-22T08:48:05.178+09:00	app:phone-home sample	url:http://localhost:8080/sample.html	userAgent:Mozilla/5.0 (Macintosh; Intel Mac OS X 10_7_5) AppleWebKit/536.29.13 (KHTML, like Gecko) Version/6.0.4 Safari/536.29.13	errorName:SyntaxError	errorMessage:fool!	foo:bar	baz:hoge
time:2013-05-22T08:48:05.577+09:00	app:phone-home sample	url:http://localhost:8080/sample.html	userAgent:Mozilla/5.0 (Macintosh; Intel Mac OS X 10_7_5) AppleWebKit/536.29.13 (KHTML, like Gecko) Version/6.0.4 Safari/536.29.13	errorName:SyntaxError	errorMessage:fool!	foo:bar	baz:hoge
time:2013-05-22T08:48:18.277+09:00	app:phone-home sample	url:http://localhost:8080/sample.html	userAgent:Mozilla/5.0 (Macintosh; Intel Mac OS X 10_7_5) AppleWebKit/536.29.13 (KHTML, like Gecko) Version/6.0.4 Safari/536.29.13	errorName:SyntaxError	errorMessage:fool!	foo:bar	baz:hoge
time:2013-05-22T08:48:18.882+09:00	app:phone-home sample	url:http://localhost:8080/sample.html	userAgent:Mozilla/5.0 (Macintosh; Intel Mac OS X 10_7_5) AppleWebKit/536.29.13 (KHTML, like Gecko) Version/6.0.4 Safari/536.29.13	errorName:SyntaxError	errorMessage:fool!	foo:bar	baz:hoge
time:2013-05-22T08:48:19.251+09:00	app:phone-home sample	url:http://localhost:8080/sample.html	userAgent:Mozilla/5.0 (Macintosh; Intel Mac OS X 10_7_5) AppleWebKit/536.29.13 (KHTML, like Gecko) Version/6.0.4 Safari/536.29.13	errorName:SyntaxError	errorMessage:fool!	foo:bar	baz:hoge
time:2013-05-22T08:48:19.590+09:00	app:phone-home sample	url:http://localhost:8080/sample.html	userAgent:Mozilla/5.0 (Macintosh; Intel Mac OS X 10_7_5) AppleWebKit/536.29.13 (KHTML, like Gecko) Version/6.0.4 Safari/536.29.13	errorName:SyntaxError	errorMessage:fool!	foo:bar	baz:hoge
time:2013-05-22T08:49:03.950+09:00	app:phone-home sample	url:http://localhost:8080/sample.html	userAgent:Mozilla/5.0 (Macintosh; Intel Mac OS X 10_7_5) AppleWebKit/536.29.13 (KHTML, like Gecko) Version/6.0.4 Safari/536.29.13	errorName:SyntaxError	errorMessage:fool!	foo:bar	baz:hoge
time:2013-05-22T08:49:06.173+09:00	app:phone-home sample	url:http://localhost:8080/sample.html	userAgent:Mozilla/5.0 (Macintosh; Intel Mac OS X 10_7_5) AppleWebKit/536.29.13 (KHTML, like Gecko) Version/6.0.4 Safari/536.29.13	errorName:SyntaxError	errorMessage:fool!	foo:bar	baz:hoge
time:2013-05-22T08:49:19.500+09:00	app:phone-home sample	url:http://localhost:8080/sample.html	userAgent:Mozilla/5.0 (Macintosh; Intel Mac OS X 10_7_5) AppleWebKit/536.29.13 (KHTML, like Gecko) Version/6.0.4 Safari/536.29.13	errorName:SyntaxError	errorMessage:fool!	foo:bar	baz:hoge
time:2013-05-26T01:25:51.556+09:00	app:phone-home sample	url:http://localhost:8080/sample.html	userAgent:Mozilla/5.0 (Macintosh; Intel Mac OS X 10_7_5) AppleWebKit/536.29.13 (KHTML, like Gecko) Version/6.0.4 Safari/536.29.13	errorName:SyntaxError	errorMessage:fool!	foo:bar	baz:hoge
time:2013-05-26T12:36:37.001+09:00	app:phone-home sample	url:http://localhost:8080/sample.html	userAgent:Mozilla/5.0 (Macintosh; Intel Mac OS X 10_7_5) AppleWebKit/536.29.13 (KHTML, like Gecko) Version/6.0.4 Safari/536.29.13	errorName:SyntaxError	errorMessage:fool!	foo:bar	baz:hoge
time:2013-05-26T12:36:37.672+09:00	app:phone-home sample	url:http://localhost:8080/sample.html	userAgent:Mozilla/5.0 (Macintosh; Intel Mac OS X 10_7_5) AppleWebKit/536.29.13 (KHTML, like Gecko) Version/6.0.4 Safari/536.29.13	errorName:SyntaxError	errorMessage:fool!	foo:bar	baz:hoge
time:2013-05-26T12:36:38.146+09:00	app:phone-home sample	url:http://localhost:8080/sample.html	userAgent:Mozilla/5.0 (Macintosh; Intel Mac OS X 10_7_5) AppleWebKit/536.29.13 (KHTML, like Gecko) Version/6.0.4 Safari/536.29.13	errorName:SyntaxError	errorMessage:fool!	foo:bar	baz:hoge
time:2013-05-26T12:37:51.218+09:00	app:phone-home sample	url:http://localhost:8080/sample.html	userAgent:Mozilla/5.0 (Macintosh; Intel Mac OS X 10_7_5) AppleWebKit/536.29.13 (KHTML, like Gecko) Version/6.0.4 Safari/536.29.13	errorName:SyntaxError	errorMessage:fool!	foo:bar	baz:hoge
time:2013-05-26T12:37:51.994+09:00	app:phone-home sample	url:http://localhost:8080/sample.html	userAgent:Mozilla/5.0 (Macintosh; Intel Mac OS X 10_7_5) AppleWebKit/536.29.13 (KHTML, like Gecko) Version/6.0.4 Safari/536.29.13	errorName:SyntaxError	errorMessage:fool!	foo:bar	baz:hoge
time:2013-05-26T12:39:08.706+09:00	app:phone-home sample	url:http://localhost:8080/sample.html	userAgent:Mozilla/5.0 (Macintosh; Intel Mac OS X 10_7_5) AppleWebKit/536.29.13 (KHTML, like Gecko) Version/6.0.4 Safari/536.29.13	errorName:SyntaxError	errorMessage:fool!	foo:bar	baz:hoge
time:2013-05-26T12:39:08.706+09:00	app:phone-home sample	url:http://localhost:8080/sample.html	userAgent:Mozilla/5.0 (Macintosh; Intel Mac OS X 10_7_5) AppleWebKit/536.29.13 (KHTML, like Gecko) Version/6.0.4 Safari/536.29.13	errorName:SyntaxError	errorMessage:fool!	foo:bar	baz:hoge
time:2013-05-26T12:40:25.970+09:00	app:phone-home sample	url:http://localhost:8080/sample.html	userAgent:Mozilla/5.0 (Macintosh; Intel Mac OS X 10_7_5) AppleWebKit/536.29.13 (KHTML, like Gecko) Version/6.0.4 Safari/536.29.13	errorName:SyntaxError	errorMessage:fool!	foo:bar	baz:hoge
time:2013-05-26T12:40:25.950+09:00	app:phone-home sample	url:http://localhost:8080/sample.html	userAgent:Mozilla/5.0 (Macintosh; Intel Mac OS X 10_7_5) AppleWebKit/536.29.13 (KHTML, like Gecko) Version/6.0.4 Safari/536.29.13	errorName:SyntaxError	errorMessage:fool!	foo:bar	baz:hoge
time:2013-05-26T12:40:26.464+09:00	app:phone-home sample	url:http://localhost:8080/sample.html	userAgent:Mozilla/5.0 (Macintosh; Intel Mac OS X 10_7_5) AppleWebKit/536.29.13 (KHTML, like Gecko) Version/6.0.4 Safari/536.29.13	errorName:SyntaxError	errorMessage:fool!	foo:bar	baz:hoge
time:2013-05-26T12:46:31.606+09:00	app:phone-home sample	url:http://localhost:8080/sample.html	userAgent:Mozilla/5.0 (Macintosh; Intel Mac OS X 10_7_5) AppleWebKit/536.29.13 (KHTML, like Gecko) Version/6.0.4 Safari/536.29.13	errorName:SyntaxError	errorMessage:fool!	foo:bar	baz:hoge
time:2013-05-26T12:46:31.745+09:00	app:phone-home sample	url:http://localhost:8080/sample.html	userAgent:Mozilla/5.0 (Macintosh; Intel Mac OS X 10_7_5) AppleWebKit/536.29.13 (KHTML, like Gecko) Version/6.0.4 Safari/536.29.13	errorName:SyntaxError	errorMessage:fool!	foo:bar	baz:hoge
time:2013-05-26T12:46:32.306+09:00	app:phone-home sample	url:http://localhost:8080/sample.html	userAgent:Mozilla/5.0 (Macintosh; Intel Mac OS X 10_7_5) AppleWebKit/536.29.13 (KHTML, like Gecko) Version/6.0.4 Safari/536.29.13	errorName:SyntaxError	errorMessage:fool!	foo:bar	baz:hoge
time:2013-05-26T13:01:37.133+09:00	app:phone-home sample	url:http://localhost:8080/sample.html	userAgent:Mozilla/5.0 (Macintosh; Intel Mac OS X 10_7_5) AppleWebKit/537.36 (KHTML, like Gecko) Chrome/27.0.1453.93 Safari/537.36	errorName:SyntaxError	errorMessage:fool!	foo:bar	baz:hoge
time:2013-05-26T19:57:30.304+09:00	app:phone-home sample	url:http://localhost:8080/sample	userAgent:Mozilla/5.0 (Macintosh; Intel Mac OS X 10_7_5) AppleWebKit/536.29.13 (KHTML, like Gecko) Version/6.0.4 Safari/536.29.13	errorName:SyntaxError	errorMessage:fool!	foo:bar	baz:hoge
time:2013-05-26T20:16:25.016+09:00	app:phone-home sample	url:http://localhost:8080/sample?	userAgent:Mozilla/5.0 (Macintosh; Intel Mac OS X 10_7_5) AppleWebKit/536.29.13 (KHTML, like Gecko) Version/6.0.4 Safari/536.29.13	errorName:SyntaxError	errorMessage:fool!	foo:bar	baz:hoge
time:2013-05-26T20:24:26.326+09:00	app:phone-home sample	url:http://localhost:8080/sample	userAgent:Mozilla/5.0 (Macintosh; Intel Mac OS X 10_7_5) AppleWebKit/536.29.13 (KHTML, like Gecko) Version/6.0.4 Safari/536.29.13	errorName:SyntaxError	errorMessage:fool!	foo:bar	baz:hoge
time:2013-05-26T20:32:03.199+09:00	app:phone-home sample	url:http://localhost:8080/sample	userAgent:Mozilla/5.0 (Macintosh; Intel Mac OS X 10_7_5) AppleWebKit/536.29.13 (KHTML, like Gecko) Version/6.0.4 Safari/536.29.13	errorName:SyntaxError	errorMessage:fool!	foo:bar	baz:hoge
time:2013-05-26T20:54:27.290+09:00	app:phone-home sample	url:http://localhost:8080/sample	userAgent:Mozilla/5.0 (Macintosh; Intel Mac OS X 10_7_5) AppleWebKit/536.29.13 (KHTML, like Gecko) Version/6.0.4 Safari/536.29.13	errorName:SyntaxError	errorMessage:fool!	foo:bar	baz:hoge
time:2013-05-26T20:54:32.223+09:00	app:phone-home sample	url:http://localhost:8080/sample	userAgent:Mozilla/5.0 (Macintosh; Intel Mac OS X 10_7_5) AppleWebKit/536.29.13 (KHTML, like Gecko) Version/6.0.4 Safari/536.29.13	errorName:SyntaxError	errorMessage:fool!	foo:bar	baz:hoge
time:2013-05-26T20:54:32.683+09:00	app:phone-home sample	url:http://localhost:8080/sample	userAgent:Mozilla/5.0 (Macintosh; Intel Mac OS X 10_7_5) AppleWebKit/536.29.13 (KHTML, like Gecko) Version/6.0.4 Safari/536.29.13	errorName:SyntaxError	errorMessage:fool!	foo:bar	baz:hoge
time:2013-05-26T20:54:49.857+09:00	app:phone-home sample	url:http://localhost:8080/sample	userAgent:Mozilla/5.0 (Macintosh; Intel Mac OS X 10_7_5) AppleWebKit/536.29.13 (KHTML, like Gecko) Version/6.0.4 Safari/536.29.13	errorName:SyntaxError	errorMessage:fool!	foo:bar	baz:hoge
time:2013-05-26T20:54:50.753+09:00	app:phone-home sample	url:http://localhost:8080/sample	userAgent:Mozilla/5.0 (Macintosh; Intel Mac OS X 10_7_5) AppleWebKit/536.29.13 (KHTML, like Gecko) Version/6.0.4 Safari/536.29.13	errorName:SyntaxError	errorMessage:fool!	foo:bar	baz:hoge
time:2013-05-26T20:54:52.234+09:00	app:phone-home sample	url:http://localhost:8080/sample	userAgent:Mozilla/5.0 (Macintosh; Intel Mac OS X 10_7_5) AppleWebKit/536.29.13 (KHTML, like Gecko) Version/6.0.4 Safari/536.29.13	errorName:SyntaxError	errorMessage:fool!	foo:bar	baz:hoge
time:2013-05-26T23:09:34.714+09:00	app:phone-home sample	url:http://localhost:8080/sample	userAgent:Mozilla/5.0 (Macintosh; Intel Mac OS X 10_7_5) AppleWebKit/536.29.13 (KHTML, like Gecko) Version/6.0.4 Safari/536.29.13	errorName:SyntaxError	errorMessage:fool!	foo:bar	baz:hoge
time:2013-05-26T23:14:26.655+09:00	app:phone-home sample	url:http://localhost:8080/sample	userAgent:Mozilla/5.0 (Macintosh; Intel Mac OS X 10_7_5) AppleWebKit/536.29.13 (KHTML, like Gecko) Version/6.0.4 Safari/536.29.13	errorName:SyntaxError	errorMessage:fool!	foo:bar	baz:hoge
time:2013-05-26T23:15:50.455+09:00	app:phone-home sample	url:http://localhost:8080/sample	userAgent:Mozilla/5.0 (Macintosh; Intel Mac OS X 10_7_5) AppleWebKit/536.29.13 (KHTML, like Gecko) Version/6.0.4 Safari/536.29.13	errorName:SyntaxError	errorMessage:fool!	foo:bar	baz:hoge
time:2013-05-26T23:26:19.789+09:00	app:phone-home sample	url:http://localhost:8080/sample	userAgent:Mozilla/5.0 (Macintosh; Intel Mac OS X 10_7_5) AppleWebKit/536.29.13 (KHTML, like Gecko) Version/6.0.4 Safari/536.29.13	errorName:SyntaxError	errorMessage:fool!	foo:bar	baz:hoge
time:2013-05-26T23:34:36.177+09:00	app:phone-home sample	url:http://localhost:8080/sample	userAgent:Mozilla/5.0 (Macintosh; Intel Mac OS X 10_7_5) AppleWebKit/536.29.13 (KHTML, like Gecko) Version/6.0.4 Safari/536.29.13	errorName:SyntaxError	errorMessage:fool!	foo:bar	baz:hoge
