time:2013-05-19T18:13:18.873+09:00	app:phone-home sample	url:file:///Users/chris/code/phone-home/client/sample.html	userAgent:Mozilla/5.0 (Macintosh; Intel Mac OS X 10_7_5) AppleWebKit/536.29.13 (KHTML, like Gecko) Version/6.0.4 Safari/536.29.13	message:Hello yoo!	foo:bar	baz:hoge
time:2013-05-19T18:18:58.580+09:00	app:phone-home sample	url:file:///Users/chris/code/phone-home/client/sample.html	userAgent:Mozilla/5.0 (Macintosh; Intel Mac OS X 10_7_5) AppleWebKit/536.29.13 (KHTML, like Gecko) Version/6.0.4 Safari/536.29.13	message:みゃお	foo:bar	baz:hoge
time:2013-05-19T19:14:01.085+09:00	app:phone-home sample	url:file:///Users/chris/code/phone-home/client/sample.html	userAgent:Mozilla/5.0 (Macintosh; Intel Mac OS X 10_7_5) AppleWebKit/536.29.13 (KHTML, like Gecko) Version/6.0.4 Safari/536.29.13	message:Hello!	foo:bar	baz:hoge
time:2013-05-19T19:14:01.348+09:00	app:phone-home sample	url:file:///Users/chris/code/phone-home/client/sample.html	userAgent:Mozilla/5.0 (Macintosh; Intel Mac OS X 10_7_5) AppleWebKit/536.29.13 (KHTML, like Gecko) Version/6.0.4 Safari/536.29.13	message:Hello!	foo:bar	baz:hoge
time:2013-05-19T19:14:03.299+09:00	app:phone-home sample	url:file:///Users/chris/code/phone-home/client/sample.html	userAgent:Mozilla/5.0 (Macintosh; Intel Mac OS X 10_7_5) AppleWebKit/536.29.13 (KHTML, like Gecko) Version/6.0.4 Safari/536.29.13	message:Hello!	foo:bar	baz:hoge
time:2013-05-19T21:10:10.950+09:00	app:phone-home sample	url:file:///Users/chris/code/phone-home/client/sample.html	userAgent:Mozilla/5.0 (Macintosh; Intel Mac OS X 10_7_5) AppleWebKit/536.29.13 (KHTML, like Gecko) Version/6.0.4 Safari/536.29.13	message:pasdfas	foo:bar	baz:hoge
time:2013-05-20T00:01:02.452+09:00	app:phone-home sample	url:file:///Users/chris/code/phone-home/client/sample.html	userAgent:Mozilla/5.0 (Macintosh; Intel Mac OS X 10_7_5) AppleWebKit/537.31 (KHTML, like Gecko) Chrome/26.0.1410.65 Safari/537.31	networkTime:3	requestResponseTime:3	domTime:10	pageLoadTime:16	totalTime:19	foo:bar	baz:hoge
time:2013-05-20T00:01:28.674+09:00	app:phone-home sample	url:file:///Users/chris/code/phone-home/client/sample.html	userAgent:Mozilla/5.0 (Macintosh; Intel Mac OS X 10_7_5) AppleWebKit/537.31 (KHTML, like Gecko) Chrome/26.0.1410.65 Safari/537.31	networkTime:1	requestResponseTime:0	domTime:8	pageLoadTime:16	totalTime:17	foo:bar	baz:hoge
time:2013-05-20T00:01:29.318+09:00	app:phone-home sample	url:file:///Users/chris/code/phone-home/client/sample.html	userAgent:Mozilla/5.0 (Macintosh; Intel Mac OS X 10_7_5) AppleWebKit/537.31 (KHTML, like Gecko) Chrome/26.0.1410.65 Safari/537.31	networkTime:1	requestResponseTime:0	domTime:8	pageLoadTime:16	totalTime:17	foo:bar	baz:hoge
time:2013-05-20T00:01:31.349+09:00	app:phone-home sample	url:file:///Users/chris/code/phone-home/client/sample.html	userAgent:Mozilla/5.0 (Macintosh; Intel Mac OS X 10_7_5) AppleWebKit/537.31 (KHTML, like Gecko) Chrome/26.0.1410.65 Safari/537.31	networkTime:1	requestResponseTime:0	domTime:8	pageLoadTime:16	totalTime:17	foo:bar	baz:hoge
time:2013-05-20T00:02:19.967+09:00	app:phone-home sample	url:file:///Users/chris/code/phone-home/client/sample.html	userAgent:Mozilla/5.0 (Macintosh; Intel Mac OS X 10_7_5) AppleWebKit/537.31 (KHTML, like Gecko) Chrome/26.0.1410.65 Safari/537.31	networkTime:1	requestResponseTime:0	domTime:8	pageLoadTime:16	totalTime:17	foo:bar	baz:hoge
time:2013-05-22T08:47:27.724+09:00	app:phone-home sample	url:http://localhost:8080/sample.html	userAgent:Mozilla/5.0 (Macintosh; Intel Mac OS X 10_7_5) AppleWebKit/536.29.13 (KHTML, like Gecko) Version/6.0.4 Safari/536.29.13	message:Hello!	foo:bar	baz:hoge
time:2013-05-22T08:49:48.378+09:00	app:phone-home sample	url:http://localhost:8080/sample.html	userAgent:Mozilla/5.0 (Macintosh; Intel Mac OS X 10_7_5) AppleWebKit/536.29.13 (KHTML, like Gecko) Version/6.0.4 Safari/536.29.13	message:Hello!あｓｄふぁｓ	foo:bar	baz:hoge
time:2013-05-25T15:13:20.678+09:00	app:phone-home sample	url:http://localhost:8080/sample.html	userAgent:Mozilla/5.0 (Macintosh; Intel Mac OS X 10_7_5) AppleWebKit/536.29.13 (KHTML, like Gecko) Version/6.0.4 Safari/536.29.13	message:Hello!	foo:bar	baz:hoge
time:2013-05-25T15:13:38.713+09:00	app:phone-home sample	url:http://localhost:8080/sample.html	userAgent:Mozilla/5.0 (Macintosh; Intel Mac OS X 10_7_5) AppleWebKit/536.29.13 (KHTML, like Gecko) Version/6.0.4 Safari/536.29.13	message:myao	foo:bar	baz:hoge
time:2013-05-25T15:16:41.386+09:00	app:phone-home sample	url:http://localhost:8080/sample.html	userAgent:Mozilla/5.0 (Macintosh; Intel Mac OS X 10_7_5) AppleWebKit/536.29.13 (KHTML, like Gecko) Version/6.0.4 Safari/536.29.13	message:pupi	foo:bar	baz:hoge
time:2013-05-25T15:16:48.213+09:00	app:phone-home sample	url:http://localhost:8080/sample.html	userAgent:Mozilla/5.0 (Macintosh; Intel Mac OS X 10_7_5) AppleWebKit/536.29.13 (KHTML, like Gecko) Version/6.0.4 Safari/536.29.13	message:pupiri	foo:bar	baz:hoge
time:2013-05-25T15:21:07.521+09:00	app:phone-home sample	url:http://localhost:8080/sample.html	userAgent:Mozilla/5.0 (Macintosh; Intel Mac OS X 10_7_5) AppleWebKit/536.29.13 (KHTML, like Gecko) Version/6.0.4 Safari/536.29.13	message:yo	foo:bar	baz:hoge
time:2013-05-25T15:25:36.642+09:00	app:phone-home sample	url:http://localhost:8080/sample.html	userAgent:Mozilla/5.0 (Macintosh; Intel Mac OS X 10_7_5) AppleWebKit/536.29.13 (KHTML, like Gecko) Version/6.0.4 Safari/536.29.13	message:Hello!asdfasd	foo:bar	baz:hoge
time:2013-05-25T15:48:15.694+09:00	app:phone-home sample	url:http://localhost:8080/sample.html	userAgent:Mozilla/5.0 (Macintosh; Intel Mac OS X 10_7_5) AppleWebKit/536.29.13 (KHTML, like Gecko) Version/6.0.4 Safari/536.29.13	message:Hello!asfdasdf	foo:bar	baz:hoge
time:2013-05-26T20:17:31.111+09:00	app:phone-home sample	url:http://localhost:8080/sample	userAgent:Mozilla/5.0 (Macintosh; Intel Mac OS X 10_7_5) AppleWebKit/536.29.13 (KHTML, like Gecko) Version/6.0.4 Safari/536.29.13	message:Hello!	foo:bar	baz:hoge
time:2013-05-26T20:22:48.210+09:00	app:phone-home sample	url:http://localhost:8080/sample	userAgent:Mozilla/5.0 (Macintosh; Intel Mac OS X 10_7_5) AppleWebKit/536.29.13 (KHTML, like Gecko) Version/6.0.4 Safari/536.29.13	message:Hello!	foo:bar	baz:hoge
time:2013-05-26T20:22:53.443+09:00	app:phone-home sample	url:http://localhost:8080/sample	userAgent:Mozilla/5.0 (Macintosh; Intel Mac OS X 10_7_5) AppleWebKit/536.29.13 (KHTML, like Gecko) Version/6.0.4 Safari/536.29.13	message:Hello!dsadfsdddd	foo:bar	baz:hoge
time:2013-05-26T20:24:24.404+09:00	app:phone-home sample	url:http://localhost:8080/sample	userAgent:Mozilla/5.0 (Macintosh; Intel Mac OS X 10_7_5) AppleWebKit/536.29.13 (KHTML, like Gecko) Version/6.0.4 Safari/536.29.13	message: asdfHello!	foo:bar	baz:hoge
time:2013-05-26T20:31:47.970+09:00	app:phone-home sample	url:http://localhost:8080/sample	userAgent:Mozilla/5.0 (Macintosh; Intel Mac OS X 10_7_5) AppleWebKit/536.29.13 (KHTML, like Gecko) Version/6.0.4 Safari/536.29.13	message:Hello!	foo:bar	baz:hoge
time:2013-05-26T20:54:38.192+09:00	app:phone-home sample	url:http://localhost:8080/sample	userAgent:Mozilla/5.0 (Macintosh; Intel Mac OS X 10_7_5) AppleWebKit/536.29.13 (KHTML, like Gecko) Version/6.0.4 Safari/536.29.13	message:Hello!	foo:bar	baz:hoge
time:2013-05-26T23:11:40.652+09:00	app:phone-home sample	url:http://localhost:8080/sample	userAgent:Mozilla/5.0 (Macintosh; Intel Mac OS X 10_7_5) AppleWebKit/536.29.13 (KHTML, like Gecko) Version/6.0.4 Safari/536.29.13	message:Hello!	foo:bar	baz:hoge
time:2013-05-26T23:12:06.078+09:00	app:phone-home sample	url:http://localhost:8080/sample	userAgent:Mozilla/5.0 (Macintosh; Intel Mac OS X 10_7_5) AppleWebKit/536.29.13 (KHTML, like Gecko) Version/6.0.4 Safari/536.29.13	message:Hello!ｘｃｖｘｖｃ	foo:bar	baz:hoge
time:2013-05-26T23:14:33.042+09:00	app:phone-home sample	url:http://localhost:8080/sample	userAgent:Mozilla/5.0 (Macintosh; Intel Mac OS X 10_7_5) AppleWebKit/536.29.13 (KHTML, like Gecko) Version/6.0.4 Safari/536.29.13	message:Hello!	foo:bar	baz:hoge
time:2013-05-26T23:26:25.408+09:00	app:phone-home sample	url:http://localhost:8080/sample	userAgent:Mozilla/5.0 (Macintosh; Intel Mac OS X 10_7_5) AppleWebKit/536.29.13 (KHTML, like Gecko) Version/6.0.4 Safari/536.29.13	message:Hello!	foo:bar	baz:hoge
time:2013-05-26T23:34:36.747+09:00	app:phone-home sample	url:http://localhost:8080/sample	userAgent:Mozilla/5.0 (Macintosh; Intel Mac OS X 10_7_5) AppleWebKit/536.29.13 (KHTML, like Gecko) Version/6.0.4 Safari/536.29.13	message:Hello!	foo:bar	baz:hoge
